C51 COMPILER V9.56.0.0   0                                                                 04/09/2017 17:33:04 PAGE 1   


C51 COMPILER V9.56.0.0, COMPILATION OF MODULE 0
OBJECT MODULE PLACED IN .\Objects\0.obj
COMPILER INVOKED BY: C:\Keil_v5\C51\BIN\C51.EXE 0.c OPTIMIZE(8,SPEED) BROWSE DEBUG OBJECTEXTEND PRINT(.\Listings\0.lst) 
                    -TABS(2) OBJECT(.\Objects\0.obj)

line level    source

   1          #include <reg51.h>
   2          #define f_osc 18432000.0f // in Hz
   3          #define clock_mode 6.0f
   4          #define f_timer f_osc/clock_mode
   5          
   6          sbit pwm_pin= P1^0;
   7          
   8          void init_timer0(void);
   9          void pwm(float,float);
  10          
  11          unsigned long count1,count0;
  12          unsigned int ovf_cnt,ovf_count0,ovf_count1,temp1,temp0;
  13          
  14          int main(void)
  15          {
  16   1      
  17   1        init_timer0();              //initialize timer 0
  18   1        
  19   1        pwm(0.01,0.5);
  20   1        
  21   1        while(1)
  22   1        {
  23   2        }
  24   1        
  25   1      }
  26          
  27          //timer inialization
  28          
  29          void init_timer0(void)  
  30          {
  31   1        TMOD &= 0xF0;
  32   1        TMOD |= 0X01;
  33   1        
  34   1        ET0=1;
  35   1        EA=1;
  36   1        
  37   1      }
  38          
  39          void pwm(float pwm_freq,float duty_ratio)
  40          { 
  41   1        count1 = (unsigned long)((f_timer*duty_ratio)/pwm_freq);
  42   1        count0 = (unsigned long)((f_timer*(1.0f-duty_ratio))/pwm_freq);
  43   1        
  44   1        ovf_count1 = count1/65536;
  45   1        ovf_count0 = count0/65536;
  46   1        temp1 = 65536-(count1%65536UL); 
  47   1        temp0 = 65536-(count0%65536UL);
  48   1        
  49   1        pwm_pin=0;
  50   1        ovf_cnt=ovf_count0;
  51   1      
  52   1        TH0=(temp0>>8)&0xff;
  53   1        TL0=temp0&0xff;
  54   1      
C51 COMPILER V9.56.0.0   0                                                                 04/09/2017 17:33:04 PAGE 2   

  55   1        TR0 =1;
  56   1      }
  57          
  58          //timer ISR
  59          
  60          void timer0_isr(void) interrupt 1
  61          {
  62   1        TR0=0;
  63   1        if(pwm_pin==1)          //make pwm high
  64   1        {
  65   2          if(ovf_cnt>0)
  66   2          {ovf_cnt--;
  67   3          }
  68   2          else
  69   2          { pwm_pin=0;
  70   3            TH0=(temp0>>8)&0xff;
  71   3            TL0=temp0&0xff;
  72   3            ovf_cnt=ovf_count0;
  73   3          }
  74   2        }
  75   1        else                    //pwm pin is low
  76   1        {
  77   2          if(ovf_cnt>0)
  78   2          {ovf_cnt--;
  79   3          }
  80   2          else
  81   2          { pwm_pin=1;
  82   3            TH0=(temp1>>8)&0xff;
  83   3            TL0=temp1&0xff;
  84   3            ovf_cnt=ovf_count1;
  85   3          }
  86   2          
  87   2        }
  88   1        TF0=0;                  //clear the int overflow
  89   1        TR0=1;                  //start timer 0
  90   1      }
  91            


MODULE INFORMATION:   STATIC OVERLAYABLE
   CODE SIZE        =    320    ----
   CONSTANT SIZE    =   ----    ----
   XDATA SIZE       =   ----    ----
   PDATA SIZE       =   ----    ----
   DATA SIZE        =     18       8
   IDATA SIZE       =   ----    ----
   BIT SIZE         =   ----    ----
END OF MODULE INFORMATION.


C51 COMPILATION COMPLETE.  0 WARNING(S),  0 ERROR(S)
