C51 COMPILER V9.54   PWM                                                                   04/25/2017 12:29:31 PAGE 1   


C51 COMPILER V9.54, COMPILATION OF MODULE PWM
OBJECT MODULE PLACED IN C:\Users\Guest\Desktop\pwm.obj
COMPILER INVOKED BY: C:\Keil\C51\BIN\C51.EXE pwm.c OPTIMIZE(8,SPEED) BROWSE DEBUG OBJECTEXTEND PRINT(.\Listings\pwm.lst)
                    - TABS(2) OBJECT(C:\Users\Guest\Desktop\pwm.obj)

line level    source

   1          #include <reg51.h>
   2          #include <pwm.h>
   3          
   4          extern unsigned long count[2];
   5          extern unsigned int ovf_cnt,ovf_count[2],temp[2];
   6          
   7          //timer inialization
   8          
   9          void init_timer0(void)  
  10          {
  11   1        TMOD &= 0xF0;
  12   1        TMOD |= 0X01;
  13   1        
  14   1        ET0=1;
  15   1        EA=1;
  16   1        
  17   1      }
  18          
  19          void pwm(float pwm_freq,float duty_ratio)
  20          { 
  21   1        count[1] = (unsigned long)((f_timer*duty_ratio)/pwm_freq);
  22   1        count[0] = (unsigned long)((f_timer*(1.0f-duty_ratio))/pwm_freq);
  23   1        
  24   1        ovf_count[1] = count[1]/65536;
  25   1        ovf_count[0] = count[0]/65536;
  26   1        temp[1] = 65536-(count[1]%65536UL); 
  27   1        temp[0] = 65536-(count[0]%65536UL);
  28   1        
  29   1      
  30   1        pwm_pin=0;
  31   1        ovf_cnt=ovf_count[pwm_pin];
  32   1        
  33   1        TH0=(temp[pwm_pin]>>8)&0xff;
  34   1        TL0=temp[pwm_pin]&0xff;
  35   1      
  36   1        TR0 =1;
  37   1      }
  38          
  39          //timer ISR
  40          
  41          void timer0_isr(void) interrupt 1
  42          {
  43   1        TR0=0;
  44   1      
  45   1          if(ovf_cnt>0)
  46   1          {ovf_cnt--;
  47   2          }
  48   1          else
  49   1          { pwm_pin =~ pwm_pin;
  50   2            TH0=(temp[pwm_pin]>>8)&0xff;
  51   2            TL0=temp[pwm_pin]&0xff;
  52   2            ovf_cnt=ovf_count[pwm_pin];
  53   2          }
  54   1      
C51 COMPILER V9.54   PWM                                                                   04/25/2017 12:29:31 PAGE 2   

  55   1        TF0=0;                  //clear the timer overflow flag
  56   1        TR0=1;                  //start timer 0
  57   1      }


MODULE INFORMATION:   STATIC OVERLAYABLE
   CODE SIZE        =    339    ----
   CONSTANT SIZE    =   ----    ----
   XDATA SIZE       =   ----    ----
   PDATA SIZE       =   ----    ----
   DATA SIZE        =   ----       8
   IDATA SIZE       =   ----    ----
   BIT SIZE         =   ----    ----
END OF MODULE INFORMATION.


C51 COMPILATION COMPLETE.  0 WARNING(S),  0 ERROR(S)
